C251 COMPILER V5.60.0,  Element                                                            21/03/24  16:36:01  PAGE 1   


C251 COMPILER V5.60.0, COMPILATION OF MODULE Element
OBJECT MODULE PLACED IN .\Out_File\Element.obj
COMPILER INVOKED BY: D:\keil5\keil5_MDK\keil5_MDK_32\C251\BIN\C251.EXE ..\CODE\Element.c XSMALL INTR2 WARNINGLEVEL(3) BR
                    -OWSE INCDIR(..\..\Libraries\libraries;..\..\Libraries\seekfree_libraries;..\..\Libraries\seekfree_peripheral;..\CODE;..\
                    -USER\inc;..\USER\src) DEBUG PRINT(.\Out_File\Element.lst) OBJECT(.\Out_File\Element.obj) 

stmt  level    source

    1          #include "isr.h"
    2          #include <string.h>
    3          #include <stdio.h>
    4          #include "common.h"
    5          #include "Element.h"
    6          #include "Motor.h"
    7          #include "PID.h"
    8          #include "Buzzer.h"
    9          #include "MPU6050.h"
   10          
   11          extern float Exp_Speed;
   12          extern float Ratio;
   13          extern float ADC_proc[5];
   14          
   15          //上下坡标志位
   16          char Up_Down_Flag = 0;
   17          char delay_10ms = 0;
   18          
   19          //环岛标志位
   20          float Circle_Flag = 0;  // 左右环岛标志位
   21          
   22          
   23          //避障相关标志位
   24          char Barrier_Flag1=0;
   25          char Barrier_Flag2=0;
   26          char Barrier_Flag3=0;
   27          char Barrier_Executed = 0;
   28          char Barrier_Flag4=0;
   29          char Avoid_ON = 0;
   30          float Sum_Angle=0;
   31          
   32          
   33          void Elem_Up_Down(float Angle,float Gyro)  //上下坡
   34          {
   35   1      
   36   1              if(Angle > -4 && Gyro < -400)
   37   1                      Exp_Speed = 310;
   38   1              else if(Angle < -18)
   39   1                      Exp_Speed = 30;
   40   1      }
   41          
   42          
   43          //障碍物识别     
   44          void Elem_Barrier(float Gyro_Z)
   45          {
   46   1              #if BARRIER_DIR == 0
                               //向右避障
                               Gyro_Z = (Gyro_Z*2000)/32768;   
                               if(Barrier_Flag1==1)
                               {
                                       Ratio = -0.48 ;                 //直接更改期望值
                                       Sum_Angle += Gyro_Z*0.005;
                                       
                               }
                               if(Sum_Angle < -20)     //右拐避障
                               {
                                       Ratio = -0.01;
C251 COMPILER V5.60.0,  Element                                                            21/03/24  16:36:01  PAGE 2   

                                       Barrier_Flag1 = 0;   //出赛道角度停止积分
                                       Barrier_Flag2 = 1;
                                       Sum_Angle = 0;          //积分清零
                               }
                               if(Barrier_Flag2==1)
                               {
                                       Sum_Angle += Gyro_Z*0.005;   
                                       if(Sum_Angle < 22)  //左拐回正
                                       {
                                               Ratio = 0.48;           
                                       }
                                       else
                                               Barrier_Flag3 = 1;  //回正
                               }
                               
                               if(Barrier_Flag3==1)            //回正后标志位清零
                               {       
                                       Barrier_Flag1 = 0;
                                       Barrier_Flag2 = 0;
                                       Barrier_Flag3 = 0;
                                       Sum_Angle = 0;
                                       Barrier_Executed = 1;
                                       Avoid_ON = 0;
                               }
                       //      #if TRACE_METHOD2
                       //              Barrier_Flag4 == 30;
                       //      #endif
                       #elif BARRIER_DIR == 1  //向左避障
   86   1                      Gyro_Z = (Gyro_Z*2000)/32768;   
   87   1                      if(Barrier_Flag1==1)
   88   1                      {
   89   2                              Ratio = 0.48;                   //直接更改期望值
   90   2                              Sum_Angle += Gyro_Z*0.005;
   91   2                              
   92   2                      }
   93   1                      if(Sum_Angle > 20)      //左拐避障
   94   1                      {
   95   2                              Ratio = 0.01;
   96   2                              Barrier_Flag1 = 0;   //出赛道角度停止积分
   97   2                              Barrier_Flag2 = 1;
   98   2                              Sum_Angle = 0;          //积分清零
   99   2                      }
  100   1                      if(Barrier_Flag2==1)
  101   1                      {
  102   2                              Sum_Angle += Gyro_Z*0.005;   
  103   2                              if(Sum_Angle < -22)  //右拐回正
  104   2      
  105   2                                      Ratio = -0.48;          
  106   2                              else
  107   2                                      Barrier_Flag3 = 1;  //回正
  108   2                      }
  109   1                      
  110   1                      if(Barrier_Flag3==1)            //回正后标志位清零
  111   1                      {       
  112   2                              Barrier_Flag1 = 0;
  113   2                              Barrier_Flag2 = 0;
  114   2                              Barrier_Flag3 = 0;
  115   2                              Sum_Angle = 0;
  116   2                              Barrier_Executed = 1;
  117   2                              Avoid_ON = 0;
  118   2                      }
  119   1              #endif                          
  120   1      }
  121          
  122          
  123          float Sum_Dis1 = 0;
C251 COMPILER V5.60.0,  Element                                                            21/03/24  16:36:01  PAGE 3   

  124          float Sum_Dis2 = 0;
  125          float Sum_Angle_C1 = 0;
  126          void Elem_Circle(float Speed,float Gyro_Z)
  127          {
  128   1      //      static float Sum_Dis1 = 0;
  129   1      //      static float Sum_Dis2 = 0;
  130   1      //      static float Sum_Angle_C1 = 0;
  131   1              static float Delay_10Ms = 0;
  132   1              if(Delay_10Ms > 0)
  133   1              {
  134   2                      Circle_Flag = 0;
  135   2                      Ratio -= 0.2;
  136   2                      Delay_10Ms --;
  137   2                      return;        //发生误判，退出函数
  138   2              }
  139   1              if(Circle_Flag)
  140   1              {
  141   2                      x10_ms = 13;
  142   2                      Gyro_Z = (Gyro_Z*2000)/32768;
  143   2                      if(Sum_Dis1>DIS_ROUND_IN)
  144   2                      {
  145   3                              Sum_Angle_C1 += Gyro_Z*0.005;
  146   3                              if(Sum_Angle_C1 < 30 && Circle_Flag == LEFT_CIRCLE)
  147   3                                      Ratio = 0.36;
  148   3                              if(Sum_Angle_C1 > -30 && Circle_Flag == RIGHT_CIRCLE)
  149   3                                      Ratio = -0.36;
  150   3                      }
  151   2                      else
  152   2                              Sum_Dis1+=Speed;
  153   2                      if(Sum_Angle_C1 > ROUND_L || Sum_Angle_C1 < ROUND_R )
  154   2                      {
  155   3                              if(ADC_proc[2] > 64)   //预出环 防止误判入环
  156   3                              {
  157   4                                      Sum_Dis2 += Speed;
  158   4                                      if(Sum_Dis2 > DIS_ROUND_OUT)
  159   4                                      {
  160   5                                              Sum_Dis1 = 0;
  161   5                                              Sum_Dis2 = 0;
  162   5                                              Sum_Angle_C1 = 0;
  163   5                                              Circle_Flag = 0;
  164   5                                      }
  165   4                                      Delay_10Ms = 250;   //延时2500ms
  166   4                              }
  167   3                      }
  168   2              }
  169   1      }
  170          
  171          
  172          
  173          ////进行左环岛识别并进出左环岛
  174          //void Elem_Circle_L(float Speed,float Gyro_Z)
  175          //{
  176          //      static float Sum_Dis1 = 0;
  177          //      static float Sum_Dis2 = 0;
  178          //      static float Sum_Angle_C1 = 0;
  179          //      static char Delay_10Ms = 0;
  180          //      if(Delay_10Ms > 0)
  181          //      {
  182          //              circle_flag_L = 0;
  183          //              circle_flag_R = 0;
  184          //              Ratio -= 0.2;
  185          //              Delay_10Ms --;
  186          //              return;        //发生误判，强制退出
  187          //      }
  188          
  189          //      if(circle_flag_L == 1)  //识别圆环标志位
C251 COMPILER V5.60.0,  Element                                                            21/03/24  16:36:01  PAGE 4   

  190          //      {       
  191          //              Gyro_Z = (Gyro_Z*2000)/32768;
  192          //              if(Sum_Dis2>DIS_ROUND_IN)
  193          //              {
  194          //                      Sum_Angle_C1 += Gyro_Z*0.005;
  195          //                      if(Sum_Angle_C1 < 80)
  196          //                              Ratio = 0.52;
  197          //              }
  198          //              else
  199          //                      Sum_Dis2+=Speed;
  200          //              if(Sum_Angle_C1 > ROUND_L)
  201          //              {
  202          //                      if(ADC_proc[2] > 66)   //预出环 防止再次误判
  203          //                      {
  204          //                              Sum_Dis1 += Speed;
  205          //                              if(Sum_Dis1 > DIS_ROUND_OUT)
  206          //                              {
  207          //                                      Sum_Dis1=0;
  208          //                                      Sum_Dis2=0;
  209          //                                      Sum_Angle_C1=0;
  210          //                                      circle_flag_R=0;
  211          //                              }
  212          //                              Delay_10Ms = 100;   //延时1000ms
  213          //                      }
  214          //              }
  215          //              
  216          //                              //实验室右环岛是最后一个特殊元素
  217          //                              //如果有多个重复元素，再置一个记数标志位
  218          //                              //Element_Num 
  219          //                              //if(Element_Num == x) //重复元素全部走完
  220          ////                            Avoid_ON == 1   
  221          //              
  222          ////如果误入环岛，也需要正常出去        ************************************************************************
             -***/
  223          //      }
  224          //}
  225          
  226          
  227          
  228          //float Sum_Dis1 = 0;
  229          //float Sum_Dis2 = 0;
  230          //float Sum_Angle_C1 = 0;
  231          ////进行右环岛识别并进出右环岛
  232          //void Elem_Circle_R(float Speed,float Gyro_Z)
  233          //{
  234          ////    static float Sum_Dis1 = 0;
  235          ////    static float Sum_Dis2 = 0;
  236          ////    static float Sum_Angle_C1 = 0;
  237          //      static char Delay_10Ms = 0;
  238          //      if(Delay_10Ms > 0)
  239          //      {
  240          //              circle_flag_R = 0;
  241          //              circle_flag_L = 0;
  242          //              Ratio += 0.2;
  243          //              Delay_10Ms--;
  244          //              return;
  245          //      }
  246          //      if(circle_flag_R == 1)  //识别圆环标志位
  247          //      {       
  248          //              Gyro_Z = (Gyro_Z*2000)/32768;
  249          //              if(Sum_Dis2>DIS_ROUND_IN)
  250          //              {
  251          //                      Sum_Angle_C1 += Gyro_Z*0.005;
  252          //                      if(Sum_Angle_C1 > -80)
  253          //                              Ratio = -0.52;
  254          //              }
C251 COMPILER V5.60.0,  Element                                                            21/03/24  16:36:01  PAGE 5   

  255          //              else
  256          //                      Sum_Dis2 += Speed;
  257          //              if(Sum_Angle_C1 < ROUND_R)
  258                  //      {
  259                  //              if(ADC_proc[2] > 66)   //预出环 防止再次误判
  260                  //              {
  261                  //                      Sum_Dis1 += Speed;
  262                  //                      if(Sum_Dis1 > DIS_ROUND_OUT)
  263                  //                      {
  264                  //                              Sum_Dis1=0;
  265                  //                              Sum_Dis2=0;
  266                  //                              Sum_Angle_C1=0;
  267                  //                              circle_flag_R=0;
  268                  //                      }
  269                  //                      Delay_10Ms = 100;   //延时1000ms
  270                  //              }
  271          //              }
  272          //      }
  273          //}
  274          
  275          


Module Information          Static   Overlayable
------------------------------------------------
  code size            =       610     ------
  ecode size           =    ------     ------
  data size            =    ------     ------
  idata size           =    ------     ------
  pdata size           =    ------     ------
  xdata size           =    ------     ------
  xdata-const size     =    ------     ------
  edata size           =        32     ------
  bit size             =    ------     ------
  ebit size            =    ------     ------
  bitaddressable size  =    ------     ------
  ebitaddressable size =    ------     ------
  far data size        =    ------     ------
  huge data size       =    ------     ------
  const size           =    ------     ------
  hconst size          =        88     ------
End of Module Information.


C251 COMPILATION COMPLETE.  0 WARNING(S),  0 ERROR(S)
