C251 COMPILER V5.60.0,  isr                                                                27/03/24  19:22:19  PAGE 1   


C251 COMPILER V5.60.0, COMPILATION OF MODULE isr
OBJECT MODULE PLACED IN .\Out_File\isr.obj
COMPILER INVOKED BY: D:\keil5\keil5_MDK\keil5_MDK_32\C251\BIN\C251.EXE ..\USER\src\isr.c XSMALL INTR2 WARNINGLEVEL(3) BR
                    -OWSE INCDIR(..\..\Libraries\libraries;..\..\Libraries\seekfree_libraries;..\..\Libraries\seekfree_peripheral;..\CODE;..\
                    -USER\inc;..\USER\src) DEBUG PRINT(.\Out_File\isr.lst) OBJECT(.\Out_File\isr.obj) 

stmt  level    source

    1          ///******************************************************************************************************
             -***************
    2          // * COPYRIGHT NOTICE
    3          // * Copyright (c) 2020,逐飞科技
    4          // * All rights reserved.
    5          // * 技术讨论QQ群：一群：179029047(已满)  二群：244861897(已满)  三群：824575535
    6          // *
    7          // * 以下所有内容版权均属逐飞科技所有，未经允许不得用于商业用途，
    8          // * 欢迎各位使用并传播本程序，修改内容时必须保留逐飞科技的版权声明。
    9          // *
   10          // * @file                      isr
   11          // * @company                   成都逐飞科技有限公司
   12          // * @author                    逐飞科技(QQ790875685)
   13          // * @version                   查看doc内version文件 版本说明
   14          // * @Software                  MDK FOR C251 V5.60
   15          // * @Target core               STC32G12K128
   16          // * @Taobao                    https://seekfree.taobao.com/
   17          // * @date                      2020-4-14
   18          // ******************************************************************************************************
             -**************/
   19          #include "headfile.h"
   20          #include "Motor.h"
   21          #include "Buzzer.h"
   22          #include "PID.h"
   23          extern char Isr_flag_10;
   24          extern char flag_stop;
   25          
   26          
   27          //UART1中断
   28          void UART1_Isr() interrupt 4
   29          {
   30   1          uint8 res;
   31   1              static uint8 dwon_count;
   32   1          if(UART1_GET_TX_FLAG)
   33   1          {
   34   2              UART1_CLEAR_TX_FLAG;
   35   2              busy[1] = 0;
   36   2          }
   37   1          if(UART1_GET_RX_FLAG)
   38   1          {
   39   2              UART1_CLEAR_RX_FLAG;
   40   2              res = SBUF;
   41   2              //程序自动下载
   42   2              if(res == 0x7F)
   43   2              {
   44   3                  if(dwon_count++ > 20)
   45   3                      IAP_CONTR = 0x60;
   46   3              }
   47   2              else
   48   2              {
   49   3                  dwon_count = 0;
   50   3              }
   51   2          }
   52   1      }
   53          
   54          //UART2中断
   55          void UART2_Isr() interrupt 8
C251 COMPILER V5.60.0,  isr                                                                27/03/24  19:22:19  PAGE 2   

   56          {
   57   1          if(UART2_GET_TX_FLAG)
   58   1              {
   59   2              UART2_CLEAR_TX_FLAG;
   60   2                      busy[2] = 0;
   61   2              }
   62   1          if(UART2_GET_RX_FLAG)
   63   1              {
   64   2              UART2_CLEAR_RX_FLAG;
   65   2                      //接收数据寄存器为：S2BUF
   66   2      
   67   2              }
   68   1      }
   69          
   70          
   71          //UART3中断
   72          void UART3_Isr() interrupt 17
   73          {
   74   1          if(UART3_GET_TX_FLAG)
   75   1              {
   76   2              UART3_CLEAR_TX_FLAG;
   77   2                      busy[3] = 0;
   78   2              }
   79   1          if(UART3_GET_RX_FLAG)
   80   1              {
   81   2              UART3_CLEAR_RX_FLAG;
   82   2                      //接收数据寄存器为：S3BUF
   83   2      
   84   2              }
   85   1      }
   86          
   87          
   88          //UART4中断
   89          void UART4_Isr() interrupt 18
   90          {
   91   1          if(UART4_GET_TX_FLAG)
   92   1              {
   93   2              UART4_CLEAR_TX_FLAG;
   94   2                      busy[4] = 0;
   95   2              }
   96   1          if(UART4_GET_RX_FLAG)
   97   1              {
   98   2              UART4_CLEAR_RX_FLAG;
   99   2      
  100   2                      //接收数据寄存器为：S4BUF;
  101   2                      if(wireless_type == WIRELESS_SI24R1)
  102   2              {
  103   3                  wireless_uart_callback();           //无线转串口回调函数
  104   3              }
  105   2              else if(wireless_type == WIRELESS_CH9141)
  106   2              {
  107   3                  bluetooth_ch9141_uart_callback();   //蓝牙转串口回调函数
  108   3              }
  109   2              else if(wireless_type == WIRELESS_CH573)
  110   2              {
  111   3                  wireless_ch573_callback();          //CH573无线模块回调函数
  112   3              }
  113   2              }
  114   1      }
  115          
  116          #define LED P52
  117          void INT0_Isr() interrupt 0
  118          {
  119   1              LED = 0;        //点亮LED
  120   1      }
  121          void INT1_Isr() interrupt 2
C251 COMPILER V5.60.0,  isr                                                                27/03/24  19:22:19  PAGE 3   

  122          {
  123   1      
  124   1      }
  125          void INT2_Isr() interrupt 10
  126          {
  127   1              INT2_CLEAR_FLAG;  //清除中断标志
  128   1      }
  129          void INT3_Isr() interrupt 11
  130          {
  131   1              INT3_CLEAR_FLAG;  //清除中断标志
  132   1      }
  133          
  134          void INT4_Isr() interrupt 16
  135          {
  136   1              INT4_CLEAR_FLAG;  //清除中断标志
  137   1      }
  138          
  139          void TM0_Isr() interrupt 1
  140          {
  141   1      
  142   1      }
  143          void TM1_Isr() interrupt 3
  144          {
  145   1      
  146   1      }
  147          void TM2_Isr() interrupt 12
  148          {
  149   1              TIM2_CLEAR_FLAG;  //清除中断标志
  150   1              
  151   1      }
  152          void TM3_Isr() interrupt 19
  153          {
  154   1              TIM3_CLEAR_FLAG; //清除中断标志
  155   1              
  156   1      }
  157          extern float Ratio;
  158          extern short gx, gy, gz;
  159          extern float Exp_Speed_L;
  160          extern float Exp_Speed_R;
  161          extern float Exp_Speed;
  162          char count = 0;
  163          void TM4_Isr() interrupt 20
  164          {
  165   1              TIM4_CLEAR_FLAG; //清除中断标志
  166   1              count++;
  167   1              Isr_flag_10 = 1;
  168   1              PID_Calculate(&Turn_PID,Ratio*100,0);
  169   1              
  170   1              Get_Speed();  //获取车速
  171   1              PID_Incremental_Calc(&Left_Wheel,Exp_Speed_L,Speed_L);//速度环PID计算
  172   1              PID_Incremental_Calc(&Right_Wheel,Exp_Speed_R,Speed_R);
  173   1              if(flag_stop){
  174   2                      Left_SetSpeed(0);               
  175   2                      Right_SetSpeed(0);
  176   2              } else {
  177   2                      Left_SetSpeed(Left_Wheel.out);          
  178   2                      Right_SetSpeed(Right_Wheel.out);
  179   2              }
  180   1              if(x10_ms > 0)
  181   1              {
  182   2                      pwm_duty(PWMB_CH4_P77,2000);
  183   2                      x10_ms--;
  184   2              }
  185   1              else
  186   1                      pwm_duty(PWMB_CH4_P77,0);
  187   1              
C251 COMPILER V5.60.0,  isr                                                                27/03/24  19:22:19  PAGE 4   

  188   1          if(count > 50)
  189   1          {
  190   2                      LED = !LED;
  191   2                      count = 0;
  192   2          }
  193   1      
  194   1      }
  195          
  196          //void  INT0_Isr()  interrupt 0;
  197          //void  TM0_Isr()   interrupt 1;
  198          //void  INT1_Isr()  interrupt 2;
  199          //void  TM1_Isr()   interrupt 3;
  200          //void  UART1_Isr() interrupt 4;
  201          //void  ADC_Isr()   interrupt 5;
  202          //void  LVD_Isr()   interrupt 6;
  203          //void  PCA_Isr()   interrupt 7;
  204          //void  UART2_Isr() interrupt 8;
  205          //void  SPI_Isr()   interrupt 9;
  206          //void  INT2_Isr()  interrupt 10;
  207          //void  INT3_Isr()  interrupt 11;
  208          //void  TM2_Isr()   interrupt 12;
  209          //void  INT4_Isr()  interrupt 16;
  210          //void  UART3_Isr() interrupt 17;
  211          //void  UART4_Isr() interrupt 18;
  212          //void  TM3_Isr()   interrupt 19;
  213          //void  TM4_Isr()   interrupt 20;
  214          //void  CMP_Isr()   interrupt 21;
  215          //void  I2C_Isr()   interrupt 24;
  216          //void  USB_Isr()   interrupt 25;
  217          //void  PWM1_Isr()  interrupt 26
  218          //void  PWM2_Isr()  interrupt 27;


Module Information          Static   Overlayable
------------------------------------------------
  code size            =       546     ------
  ecode size           =    ------     ------
  data size            =    ------     ------
  idata size           =    ------     ------
  pdata size           =    ------     ------
  xdata size           =    ------     ------
  xdata-const size     =    ------     ------
  edata size           =         2     ------
  bit size             =    ------     ------
  ebit size            =    ------     ------
  bitaddressable size  =    ------     ------
  ebitaddressable size =    ------     ------
  far data size        =    ------     ------
  huge data size       =    ------     ------
  const size           =    ------     ------
  hconst size          =         5     ------
End of Module Information.


C251 COMPILATION COMPLETE.  0 WARNING(S),  0 ERROR(S)
