C251 COMPILER V5.60.0,  Key                                                                03/03/24  23:10:29  PAGE 1   


C251 COMPILER V5.60.0, COMPILATION OF MODULE Key
OBJECT MODULE PLACED IN .\Out_File\Key.obj
COMPILER INVOKED BY: D:\keil5\keil5_MDK\keil5_MDK_32\C251\BIN\C251.EXE ..\CODE\Key.c XSMALL INTR2 WARNINGLEVEL(3) BROWSE
                    - INCDIR(..\..\Libraries\libraries;..\..\Libraries\seekfree_libraries;..\..\Libraries\seekfree_peripheral;..\CODE;..\USER
                    -\inc;..\USER\src) DEBUG PRINT(.\Out_File\Key.lst) OBJECT(.\Out_File\Key.obj) 

stmt  level    source

    1          #include <string.h>
    2          #include <stdio.h>
    3          #include "common.h"
    4          #include "zf_gpio.h"
    5          #include <STC32Gxx.H>
    6          #include "Key.h"
    7          #include "zf_delay.h"
    8          
    9          char Mode = 1;
   10          
   11          void Key_Init(void)
   12          {
   13   1              //按键初始化
   14   1              gpio_mode(P7_0, GPIO); //KEY1
   15   1              gpio_mode(P7_1, GPIO); //KEY2
   16   1              gpio_mode(P7_2, GPIO); //KEY3
   17   1              gpio_mode(P7_3, GPIO); //KEY4
   18   1      }
   19          
   20          //按键处理函数
   21          //返回按键值
   22          //mode:0,不支持连续按;1,支持连续按;
   23          //返回值：
   24          //0，没有任何按键按下
   25          //KEY0_PRES，KEY0按下
   26          //KEY1_PRES，KEY1按下
   27          //WKUP_PRES，WK_UP按下 
   28          //注意此函数有响应优先级,KEY0>KEY1!!
   29          uint8 GetKey_Value(uint8 mode)
   30          { 
   31   1              static uint8 key_up=1;//按键松开标志
   32   1              if(mode)
   33   1                      key_up=1;  //支持连按             
   34   1              if(key_up&&(P70==0 || P71==0 ||P72==0||P73==0))  //注意此函数有响应优先级,KEY0>KEY1!!
   35   1              {
   36   2      //              delay_ms(10);//去抖动 /////////////////////////////////
   37   2                      key_up=0;
   38   2                      if(P70==0)                      return KEY0_PRES; //1
   39   2                      else if(P71==0)         return KEY1_PRES; //2
   40   2                      else if(P72==0)         return KEY2_PRES;
   41   2                      else if(P73==0)         return KEY3_PRES; 
   42   2              }
   43   1              else if(P70==1 && P71==1 && P72==1 && P73==1)
   44   1                      key_up=1;            
   45   1              return 0;// 无按键按下
   46   1      }
   47          
   48          
   49          void Adjust_Mode(void)
   50          {
   51   1              int KeyVal ;
   52   1              KeyVal= GetKey_Value(0);
   53   1              if(KeyVal == KEY0_PRES)
   54   1                      Mode -= 1;
   55   1              else if(KeyVal == KEY1_PRES)
   56   1                      Mode += 1;
   57   1      }
C251 COMPILER V5.60.0,  Key                                                                03/03/24  23:10:29  PAGE 2   

   58          


Module Information          Static   Overlayable
------------------------------------------------
  code size            =       189     ------
  ecode size           =    ------     ------
  data size            =    ------     ------
  idata size           =    ------     ------
  pdata size           =    ------     ------
  xdata size           =    ------     ------
  xdata-const size     =    ------     ------
  edata size           =         2     ------
  bit size             =    ------     ------
  ebit size            =    ------     ------
  bitaddressable size  =    ------     ------
  ebitaddressable size =    ------     ------
  far data size        =    ------     ------
  huge data size       =    ------     ------
  const size           =    ------     ------
  hconst size          =        10     ------
End of Module Information.


C251 COMPILATION COMPLETE.  0 WARNING(S),  0 ERROR(S)
